<?xml version="1.0" encoding="UTF-8"?>
<!-- Generated by org.testng.reporters.JUnitReportReporter -->
<testsuite hostname="DESKTOP-DQN0RRE" failures="0" tests="1" name="com.purnadata.testcases.InventoryTest" time="19.509" errors="0" timestamp="2022-04-06T09:14:03 IST" skipped="0">
  <testcase classname="com.purnadata.testcases.InventoryTest" name="addInventorySuccessTest" time="19.509"/>
  <system-out/>
</testsuite> <!-- com.purnadata.testcases.InventoryTest -->
