<?xml version="1.0" encoding="UTF-8"?>
<!-- Generated by org.testng.reporters.JUnitReportReporter -->
<testsuite hostname="DESKTOP-DQN0RRE" failures="0" tests="1" name="com.purnadata.testcases.InventoryTest" time="17.888" errors="0" timestamp="2022-04-13T22:17:37 IST" skipped="0">
  <testcase classname="com.purnadata.testcases.InventoryTest" name="addInventorySuccessTest" time="17.888"/>
  <system-out/>
</testsuite> <!-- com.purnadata.testcases.InventoryTest -->
