<?xml version="1.0" encoding="UTF-8"?>
<!-- Generated by org.testng.reporters.JUnitReportReporter -->
<testsuite hostname="DESKTOP-DQN0RRE" failures="0" tests="4" name="com.purnadata.testcases.EmployeeTest" time="62.339" errors="0" timestamp="2022-03-05T20:02:18 IST" skipped="0">
  <testcase classname="com.purnadata.testcases.EmployeeTest" name="addNewEmployeeSuccessTest" time="16.406"/>
  <system-out/>
  <testcase classname="com.purnadata.testcases.EmployeeTest" name="addNewEmployeeSuccessTest" time="15.362"/>
  <system-out/>
  <testcase classname="com.purnadata.testcases.EmployeeTest" name="addNewEmployeeSuccessTest" time="15.347"/>
  <system-out/>
  <testcase classname="com.purnadata.testcases.EmployeeTest" name="addNewEmployeeSuccessTest" time="15.224"/>
  <system-out/>
</testsuite> <!-- com.purnadata.testcases.EmployeeTest -->
