<?xml version="1.0" encoding="UTF-8"?>
<!-- Generated by org.testng.reporters.JUnitReportReporter -->
<testsuite hostname="DESKTOP-DQN0RRE" failures="0" tests="1" name="com.purnadata.testcases.PurchaseTest" time="15.129" errors="0" timestamp="2022-05-19T20:30:16 IST" skipped="0">
  <testcase classname="com.purnadata.testcases.PurchaseTest" name="editPurchaseOrder" time="15.129"/>
  <system-out/>
</testsuite> <!-- com.purnadata.testcases.PurchaseTest -->
