<?xml version="1.0" encoding="UTF-8"?>
<!-- Generated by org.testng.reporters.JUnitReportReporter -->
<testsuite hostname="DESKTOP-DQN0RRE" failures="0" tests="1" name="com.purnadata.testcases.PurchaseTest$PurchaseOrderEditTestCase" time="15.397" errors="0" timestamp="2022-05-19T20:24:21 IST" skipped="0">
  <testcase classname="com.purnadata.testcases.PurchaseTest$PurchaseOrderEditTestCase" name="editPurchaseOrder" time="15.397"/>
  <system-out/>
</testsuite> <!-- com.purnadata.testcases.PurchaseTest$PurchaseOrderEditTestCase -->
